Using pre-set license
Built from '2020.3/release' branch; Version is '2020.3.34f1 (9a4c9c70452b) revision 10112156'; Using compiler version '192528614'; Build Type 'Release'
OS: 'Windows 10  (10.0.19043) 64bit Professional' Language: 'en' Physical Memory: 8097 MB
BatchMode: 1, IsHumanControllingUs: 0, StartBugReporterOnCrash: 0, Is64bit: 1, IsPro: 0

COMMAND LINE ARGUMENTS:
C:\Program Files\UnityEditors\2020.3.34f1\Editor\Unity.exe
-adb2
-batchMode
-noUpm
-name
AssetImportWorker0
-projectPath
C:/Users/Ollie/Documents/github_repos/Insect/Insect
-logFile
Logs/AssetImportWorker0.log
-srvPort
56364
Successfully changed project path to: C:/Users/Ollie/Documents/github_repos/Insect/Insect
C:/Users/Ollie/Documents/github_repos/Insect/Insect
Using Asset Import Pipeline V2.
Refreshing native plugins compatible for Editor in 82.82 ms, found 2 plugins.
Preloading 0 native plugins for Editor in 0.00 ms.
Initialize engine version: 2020.3.34f1 (9a4c9c70452b)
[Subsystems] Discovering subsystems at path C:/Program Files/UnityEditors/2020.3.34f1/Editor/Data/Resources/UnitySubsystems
[Subsystems] Discovering subsystems at path C:/Users/Ollie/Documents/github_repos/Insect/Insect/Assets
GfxDevice: creating device client; threaded=0
Direct3D:
    Version:  Direct3D 11.0 [level 11.1]
    Renderer: Intel(R) HD Graphics Family (ID=0xa16)
    Vendor:   
    VRAM:     2048 MB
    Driver:   20.19.15.5063
Initialize mono
Mono path[0] = 'C:/Program Files/UnityEditors/2020.3.34f1/Editor/Data/Managed'
Mono path[1] = 'C:/Program Files/UnityEditors/2020.3.34f1/Editor/Data/MonoBleedingEdge/lib/mono/unityjit'
Mono config path = 'C:/Program Files/UnityEditors/2020.3.34f1/Editor/Data/MonoBleedingEdge/etc'
Using monoOptions --debugger-agent=transport=dt_socket,embedding=1,server=y,suspend=n,address=127.0.0.1:56132
Begin MonoManager ReloadAssembly
Registering precompiled unity dll's ...
Register platform support module: C:/Program Files/UnityEditors/2020.3.34f1/Editor/Data/PlaybackEngines/WindowsStandaloneSupport/UnityEditor.WindowsStandalone.Extensions.dll
Registered in 0.002675 seconds.
Native extension for WindowsStandalone target not found
Refreshing native plugins compatible for Editor in 78.93 ms, found 2 plugins.
Preloading 0 native plugins for Editor in 0.00 ms.
Mono: successfully reloaded assembly
- Completed reload, in  0.947 seconds
Domain Reload Profiling:
	ReloadAssembly (947ms)
		BeginReloadAssembly (102ms)
			ExecutionOrderSort (0ms)
			DisableScriptedObjects (0ms)
			BackupInstance (0ms)
			ReleaseScriptingObjects (0ms)
			CreateAndSetChildDomain (1ms)
		EndReloadAssembly (733ms)
			LoadAssemblies (99ms)
			RebuildTransferFunctionScriptingTraits (0ms)
			SetupTypeCache (239ms)
			ReleaseScriptCaches (0ms)
			RebuildScriptCaches (46ms)
			SetupLoadedEditorAssemblies (274ms)
				LogAssemblyErrors (0ms)
				InitializePlatformSupportModulesInManaged (7ms)
				SetLoadedEditorAssemblies (0ms)
				RefreshPlugins (79ms)
				BeforeProcessingInitializeOnLoad (11ms)
				ProcessInitializeOnLoadAttributes (129ms)
				ProcessInitializeOnLoadMethodAttributes (47ms)
				AfterProcessingInitializeOnLoad (0ms)
				EditorAssembliesLoaded (0ms)
			ExecutionOrderSort2 (0ms)
			AwakeInstancesAfterBackupRestoration (0ms)
Platform modules already initialized, skipping
Registering precompiled user dll's ...
Registered in 0.006466 seconds.
Begin MonoManager ReloadAssembly
Native extension for WindowsStandalone target not found
Refreshing native plugins compatible for Editor in 83.19 ms, found 2 plugins.
Preloading 0 native plugins for Editor in 0.00 ms.
Mono: successfully reloaded assembly
- Completed reload, in  1.751 seconds
Domain Reload Profiling:
	ReloadAssembly (1752ms)
		BeginReloadAssembly (255ms)
			ExecutionOrderSort (0ms)
			DisableScriptedObjects (8ms)
			BackupInstance (0ms)
			ReleaseScriptingObjects (0ms)
			CreateAndSetChildDomain (30ms)
		EndReloadAssembly (1411ms)
			LoadAssemblies (168ms)
			RebuildTransferFunctionScriptingTraits (0ms)
			SetupTypeCache (511ms)
			ReleaseScriptCaches (1ms)
			RebuildScriptCaches (67ms)
			SetupLoadedEditorAssemblies (515ms)
				LogAssemblyErrors (0ms)
				InitializePlatformSupportModulesInManaged (4ms)
				SetLoadedEditorAssemblies (0ms)
				RefreshPlugins (83ms)
				BeforeProcessingInitializeOnLoad (109ms)
				ProcessInitializeOnLoadAttributes (287ms)
				ProcessInitializeOnLoadMethodAttributes (21ms)
				AfterProcessingInitializeOnLoad (10ms)
				EditorAssembliesLoaded (0ms)
			ExecutionOrderSort2 (0ms)
			AwakeInstancesAfterBackupRestoration (3ms)
Platform modules already initialized, skipping
========================================================================
Worker process is ready to serve import requests
Launched and connected shader compiler UnityShaderCompiler.exe after 0.12 seconds
Refreshing native plugins compatible for Editor in 1.77 ms, found 2 plugins.
Preloading 0 native plugins for Editor in 0.00 ms.
Unloading 2815 Unused Serialized files (Serialized files now loaded: 0)
System memory in use before: 127.1 MB.
System memory in use after: 127.3 MB.

Unloading 17 unused Assets to reduce memory usage. Loaded Objects now: 3251.
Total: 4.639400 ms (FindLiveObjects: 0.294800 ms CreateObjectMapping: 0.186200 ms MarkObjects: 4.050100 ms  DeleteObjects: 0.106900 ms)

AssetImportParameters requested are different than current active one (requested -> active):
  custom:framework-win-MediaFoundation: 216162199b28c13a410421893ffa2e32 -> 
  custom:video-decoder-ogg-theora: a1e56fd34408186e4bbccfd4996cb3dc -> 
  custom:container-muxer-webm: aa71ff27fc2769a1b78a27578f13a17b -> 
  custom:container-demuxer-webm: 4f35f7cbe854078d1ac9338744f61a02 -> 
  custom:container-demuxer-ogg: 62fdf1f143b41e24485cea50d1cbac27 -> 
  custom:video-encoder-webm-vp8: eb34c28f22e8b96e1ab97ce403110664 -> 
  custom:video-decoder-webm-vp8: 9c59270c3fd7afecdb556c50c9e8de78 -> 
  custom:audio-decoder-ogg-vorbis: bf7c407c2cedff20999df2af8eb42d56 -> 
  custom:audio-encoder-webm-vorbis: bf7c407c2cedff20999df2af8eb42d56 -> 
========================================================================
Received Import Request.
  path: Assets/Textures
  artifactKey: Guid(691da46de90f8254b835c5cc8c51af0d) Importer(815301076,1909f56bfc062723c751e8b465ee728b)
Start importing Assets/Textures using Guid(691da46de90f8254b835c5cc8c51af0d) Importer(815301076,1909f56bfc062723c751e8b465ee728b)  -> (artifact id: '078be6ff57b393042b23e82dc9ac9899') in 0.019983 seconds 
========================================================================
Received Import Request.
  Time since last request: 0.000508 seconds.
  path: Assets/Textures/TapewormHead.png
  artifactKey: Guid(364206a910718b74b91d274ffbbb1ed5) Importer(815301076,1909f56bfc062723c751e8b465ee728b)
Start importing Assets/Textures/TapewormHead.png using Guid(364206a910718b74b91d274ffbbb1ed5) Importer(815301076,1909f56bfc062723c751e8b465ee728b)  -> (artifact id: '75abf6f5eb2e0ef39ae5d676a58a2087') in 0.281137 seconds 
========================================================================
Received Import Request.
  Time since last request: 0.000440 seconds.
  path: Assets/Textures/Player.png
  artifactKey: Guid(cfbaf63676be17f409edafca5f33761b) Importer(815301076,1909f56bfc062723c751e8b465ee728b)
Start importing Assets/Textures/Player.png using Guid(cfbaf63676be17f409edafca5f33761b) Importer(815301076,1909f56bfc062723c751e8b465ee728b)  -> (artifact id: '0ccd98cc8e1ef44214192655e28750c9') in 0.056937 seconds 
========================================================================
Received Import Request.
  Time since last request: 0.000291 seconds.
  path: Assets/Textures/TapewormBody.png
  artifactKey: Guid(56d163ef4bb90fd4f9712d85df747225) Importer(815301076,1909f56bfc062723c751e8b465ee728b)
Start importing Assets/Textures/TapewormBody.png using Guid(56d163ef4bb90fd4f9712d85df747225) Importer(815301076,1909f56bfc062723c751e8b465ee728b)  -> (artifact id: '670b0042cc2d36d3fe5485c520200004') in 0.076170 seconds 
========================================================================
Received Import Request.
  Time since last request: 0.169200 seconds.
  path: Assets/Textures/CheckeredTile.png
  artifactKey: Guid(1baca7192695b2a4da4cf4ee10fde41f) Importer(815301076,1909f56bfc062723c751e8b465ee728b)
Start importing Assets/Textures/CheckeredTile.png using Guid(1baca7192695b2a4da4cf4ee10fde41f) Importer(815301076,1909f56bfc062723c751e8b465ee728b)  -> (artifact id: '3a0784d9f8dec6302ec180218b504857') in 0.044984 seconds 
========================================================================
Received Import Request.
  Time since last request: 0.000242 seconds.
  path: Assets/Textures/SlimeGlob.png
  artifactKey: Guid(111ab15beff10654c9485d8d301caa3c) Importer(815301076,1909f56bfc062723c751e8b465ee728b)
Start importing Assets/Textures/SlimeGlob.png using Guid(111ab15beff10654c9485d8d301caa3c) Importer(815301076,1909f56bfc062723c751e8b465ee728b)  -> (artifact id: '019a57e0419d8cb124157e52ac98b7ba') in 0.033633 seconds 
========================================================================
Received Import Request.
  Time since last request: 10.683400 seconds.
  path: Assets/Textures/CheckeredTile.png
  artifactKey: Guid(1baca7192695b2a4da4cf4ee10fde41f) Importer(815301076,1909f56bfc062723c751e8b465ee728b)
Start importing Assets/Textures/CheckeredTile.png using Guid(1baca7192695b2a4da4cf4ee10fde41f) Importer(815301076,1909f56bfc062723c751e8b465ee728b)  -> (artifact id: 'ef4419b5dd6b1abcac49703d40810e95') in 0.020894 seconds 
========================================================================
Received Import Request.
  Time since last request: 0.000221 seconds.
  path: Assets/Textures/SlimeGlob.png
  artifactKey: Guid(111ab15beff10654c9485d8d301caa3c) Importer(815301076,1909f56bfc062723c751e8b465ee728b)
Start importing Assets/Textures/SlimeGlob.png using Guid(111ab15beff10654c9485d8d301caa3c) Importer(815301076,1909f56bfc062723c751e8b465ee728b)  -> (artifact id: '43f7a1a200b62f40454eba311732cbe9') in 0.056382 seconds 
========================================================================
Received Import Request.
  Time since last request: 89.902856 seconds.
  path: Assets/Settings/UniversalRP-HighQuality.asset
  artifactKey: Guid(19ba41d7c0026c3459d37c2fe90c55a0) Importer(815301076,1909f56bfc062723c751e8b465ee728b)
Start importing Assets/Settings/UniversalRP-HighQuality.asset using Guid(19ba41d7c0026c3459d37c2fe90c55a0) Importer(815301076,1909f56bfc062723c751e8b465ee728b)  -> (artifact id: '830a19abacffd2982fe520f0b2e7493f') in 0.024262 seconds 
========================================================================
Received Import Request.
  Time since last request: 0.000392 seconds.
  path: Assets/Settings/UniversalRP-LowQuality.asset
  artifactKey: Guid(a31e9f9f9c9d4b9429ed0d1234e22103) Importer(815301076,1909f56bfc062723c751e8b465ee728b)
Start importing Assets/Settings/UniversalRP-LowQuality.asset using Guid(a31e9f9f9c9d4b9429ed0d1234e22103) Importer(815301076,1909f56bfc062723c751e8b465ee728b)  -> (artifact id: '6873b356855449b052d88fb52d94f6af') in 0.011872 seconds 
========================================================================
Received Import Request.
  Time since last request: 0.000457 seconds.
  path: Assets/Settings/UniversalRP-MediumQuality.asset
  artifactKey: Guid(d847b876476d3d6468f5dfcd34266f96) Importer(815301076,1909f56bfc062723c751e8b465ee728b)
Start importing Assets/Settings/UniversalRP-MediumQuality.asset using Guid(d847b876476d3d6468f5dfcd34266f96) Importer(815301076,1909f56bfc062723c751e8b465ee728b)  -> (artifact id: 'c6cdbeeea9b42e2bf86e8c80c7608cd0') in 0.013379 seconds 
========================================================================
Received Import Request.
  Time since last request: 6.661095 seconds.
  path: Assets/Presets
  artifactKey: Guid(558255460b74ec04fa70b5570e9327bd) Importer(815301076,1909f56bfc062723c751e8b465ee728b)
Start importing Assets/Presets using Guid(558255460b74ec04fa70b5570e9327bd) Importer(815301076,1909f56bfc062723c751e8b465ee728b)  -> (artifact id: '99e4144fdf7d1a139d389fda8ba1dbbd') in 0.013008 seconds 
========================================================================
Received Import Request.
  Time since last request: 0.032857 seconds.
  path: Assets/Presets/AudioCompressedInMemory.preset
  artifactKey: Guid(2dd802e4d37c65149922028d3e973832) Importer(815301076,1909f56bfc062723c751e8b465ee728b)
Start importing Assets/Presets/AudioCompressedInMemory.preset using Guid(2dd802e4d37c65149922028d3e973832) Importer(815301076,1909f56bfc062723c751e8b465ee728b)  -> (artifact id: '70939c7466a0a575c20e055aeedbc52e') in 0.012322 seconds 
========================================================================
Received Import Request.
  Time since last request: 0.000278 seconds.
  path: Assets/Presets/AudioStreaming.preset
  artifactKey: Guid(86bcce7f5575b54408aa0f3a7d321039) Importer(815301076,1909f56bfc062723c751e8b465ee728b)
Start importing Assets/Presets/AudioStreaming.preset using Guid(86bcce7f5575b54408aa0f3a7d321039) Importer(815301076,1909f56bfc062723c751e8b465ee728b)  -> (artifact id: '3fd64b4b8f6783da8d1e546ffa643e31') in 0.018734 seconds 
========================================================================
Received Import Request.
  Time since last request: 0.000661 seconds.
  path: Assets/Presets/NormalTexture.preset
  artifactKey: Guid(14a57cf3b9fa1c74b884aa7e0dcf1faa) Importer(815301076,1909f56bfc062723c751e8b465ee728b)
Start importing Assets/Presets/NormalTexture.preset using Guid(14a57cf3b9fa1c74b884aa7e0dcf1faa) Importer(815301076,1909f56bfc062723c751e8b465ee728b)  -> (artifact id: '2180124ffec99f6a58fa05f7255d1536') in 0.019512 seconds 
========================================================================
Received Import Request.
  Time since last request: 0.000256 seconds.
  path: Assets/Presets/UtilityTexture.preset
  artifactKey: Guid(45f7b2e3c78185248b3adbb14429c2ab) Importer(815301076,1909f56bfc062723c751e8b465ee728b)
Start importing Assets/Presets/UtilityTexture.preset using Guid(45f7b2e3c78185248b3adbb14429c2ab) Importer(815301076,1909f56bfc062723c751e8b465ee728b)  -> (artifact id: 'f4ea12d61e319528c50666fe0b61b6e2') in 0.015816 seconds 
========================================================================
Received Import Request.
  Time since last request: 0.758963 seconds.
  path: Assets/Presets/Defaults
  artifactKey: Guid(71ea82b02df99c2439e0dc8e4e1ebc24) Importer(815301076,1909f56bfc062723c751e8b465ee728b)
Start importing Assets/Presets/Defaults using Guid(71ea82b02df99c2439e0dc8e4e1ebc24) Importer(815301076,1909f56bfc062723c751e8b465ee728b)  -> (artifact id: '7f9570746df51a6b3db510fba100e352') in 0.021916 seconds 
========================================================================
Received Import Request.
  Time since last request: 0.035918 seconds.
  path: Assets/Presets/Defaults/AlbedoTexture_Default.preset
  artifactKey: Guid(e8537455c6c08bd4e8bf0be3707da685) Importer(815301076,1909f56bfc062723c751e8b465ee728b)
Start importing Assets/Presets/Defaults/AlbedoTexture_Default.preset using Guid(e8537455c6c08bd4e8bf0be3707da685) Importer(815301076,1909f56bfc062723c751e8b465ee728b)  -> (artifact id: 'edd133c93456c722819e17f3325fe171') in 0.025602 seconds 
========================================================================
Received Import Request.
  Time since last request: 0.000328 seconds.
  path: Assets/Presets/Defaults/AudioDecompressOnLoad.preset
  artifactKey: Guid(e7689051185d12f4298e1ebb2693a29f) Importer(815301076,1909f56bfc062723c751e8b465ee728b)
Start importing Assets/Presets/Defaults/AudioDecompressOnLoad.preset using Guid(e7689051185d12f4298e1ebb2693a29f) Importer(815301076,1909f56bfc062723c751e8b465ee728b)  -> (artifact id: '6664495ae799731c129f597a1fb82827') in 0.025073 seconds 
========================================================================
Received Import Request.
  Time since last request: 0.000292 seconds.
  path: Assets/Presets/Defaults/DirectionalLight_Default.preset
  artifactKey: Guid(463065d4f17d1d94d848aa127b94dd43) Importer(815301076,1909f56bfc062723c751e8b465ee728b)
Start importing Assets/Presets/Defaults/DirectionalLight_Default.preset using Guid(463065d4f17d1d94d848aa127b94dd43) Importer(815301076,1909f56bfc062723c751e8b465ee728b)  -> (artifact id: 'db64ce19ea3a95fc4ba7b1bbf47efa63') in 0.014535 seconds 
========================================================================
Received Import Request.
  Time since last request: 1.668034 seconds.
  path: Assets/Settings
  artifactKey: Guid(0735c275001a2c84dafdb30deced5d8d) Importer(815301076,1909f56bfc062723c751e8b465ee728b)
Start importing Assets/Settings using Guid(0735c275001a2c84dafdb30deced5d8d) Importer(815301076,1909f56bfc062723c751e8b465ee728b)  -> (artifact id: '93acb47a41d734d0e1a9166c2e42237b') in 0.012254 seconds 
========================================================================
Received Import Request.
  Time since last request: 0.032294 seconds.
  path: Assets/Settings/ForwardRenderer.asset
  artifactKey: Guid(4a8e21d5c33334b11b34a596161b9360) Importer(815301076,1909f56bfc062723c751e8b465ee728b)
Start importing Assets/Settings/ForwardRenderer.asset using Guid(4a8e21d5c33334b11b34a596161b9360) Importer(815301076,1909f56bfc062723c751e8b465ee728b)  -> (artifact id: '7fa9b3dd9f62dc012d0e81b7cffdedc2') in 0.014125 seconds 
========================================================================
Received Import Request.
  Time since last request: 0.000248 seconds.
  path: Assets/Settings/SampleSceneProfile.asset
  artifactKey: Guid(10fc4df2da32a41aaa32d77bc913491c) Importer(815301076,1909f56bfc062723c751e8b465ee728b)
Start importing Assets/Settings/SampleSceneProfile.asset using Guid(10fc4df2da32a41aaa32d77bc913491c) Importer(815301076,1909f56bfc062723c751e8b465ee728b)  -> (artifact id: 'd04e2f41c653135cde3e4c6e63a7b334') in 0.047270 seconds 
========================================================================
Received Import Request.
  Time since last request: 12.525335 seconds.
  path: Assets/Settings/2D Renderer Data.asset
  artifactKey: Guid(b6e3c9d5e5c58eb4fb6ba68963c7bedc) Importer(815301076,1909f56bfc062723c751e8b465ee728b)
Start importing Assets/Settings/2D Renderer Data.asset using Guid(b6e3c9d5e5c58eb4fb6ba68963c7bedc) Importer(815301076,1909f56bfc062723c751e8b465ee728b)  -> (artifact id: '454314b0de1c796abcb7292fc3f64de5') in 0.019720 seconds 
========================================================================
Received Import Request.
  Time since last request: 27.867182 seconds.
  path: Assets/Settings/@.asset
  artifactKey: Guid(a49a27785bff9ae4bb745c3723ca88c9) Importer(815301076,1909f56bfc062723c751e8b465ee728b)
Start importing Assets/Settings/@.asset using Guid(a49a27785bff9ae4bb745c3723ca88c9) Importer(815301076,1909f56bfc062723c751e8b465ee728b)  -> (artifact id: '2e77bd1abd34fc75ed84ced0370c7a58') in 0.013623 seconds 
========================================================================
Received Import Request.
  Time since last request: 0.000421 seconds.
  path: Assets/Settings/@_Renderer.asset
  artifactKey: Guid(7038d73db538f414790bcf50f0a25a64) Importer(815301076,1909f56bfc062723c751e8b465ee728b)
Start importing Assets/Settings/@_Renderer.asset using Guid(7038d73db538f414790bcf50f0a25a64) Importer(815301076,1909f56bfc062723c751e8b465ee728b)  -> (artifact id: '1330e6469836821203f36d1026985519') in 0.020707 seconds 
========================================================================
Received Import Request.
  Time since last request: 16.803321 seconds.
  path: Assets/Settings/2D UniversalRenderPipelineAsset.asset
  artifactKey: Guid(c8b16d5f54c606e46a8568314f5d0805) Importer(815301076,1909f56bfc062723c751e8b465ee728b)
Start importing Assets/Settings/2D UniversalRenderPipelineAsset.asset using Guid(c8b16d5f54c606e46a8568314f5d0805) Importer(815301076,1909f56bfc062723c751e8b465ee728b)  -> (artifact id: '9498ffbd7e17e4bce616d571de4306f6') in 0.017093 seconds 
========================================================================
Received Import Request.
  Time since last request: 0.000316 seconds.
  path: Assets/Settings/2D UniversalRenderPipelineAsset_Renderer.asset
  artifactKey: Guid(2b9e58ecf19597a42b22b711dcc639d0) Importer(815301076,1909f56bfc062723c751e8b465ee728b)
Start importing Assets/Settings/2D UniversalRenderPipelineAsset_Renderer.asset using Guid(2b9e58ecf19597a42b22b711dcc639d0) Importer(815301076,1909f56bfc062723c751e8b465ee728b)  -> (artifact id: '38cbf28657b5eccb99a1bd96ab560efd') in 0.037298 seconds 
========================================================================
Received Import Request.
  Time since last request: 25.795444 seconds.
  path: Assets/Settings/2D UniversalRenderPipelineAsset.asset
  artifactKey: Guid(c8b16d5f54c606e46a8568314f5d0805) Importer(815301076,1909f56bfc062723c751e8b465ee728b)
Start importing Assets/Settings/2D UniversalRenderPipelineAsset.asset using Guid(c8b16d5f54c606e46a8568314f5d0805) Importer(815301076,1909f56bfc062723c751e8b465ee728b)  -> (artifact id: 'bc648157dfe909621c8b529750a28f03') in 0.007339 seconds 
========================================================================
Received Prepare
Refreshing native plugins compatible for Editor in 4.89 ms, found 2 plugins.
Preloading 0 native plugins for Editor in 0.00 ms.
Unloading 16 Unused Serialized files (Serialized files now loaded: 0)
System memory in use before: 69.8 MB.
System memory in use after: 70.1 MB.

Unloading 10 unused Assets to reduce memory usage. Loaded Objects now: 3265.
Total: 4.657900 ms (FindLiveObjects: 0.270300 ms CreateObjectMapping: 0.169800 ms MarkObjects: 4.185500 ms  DeleteObjects: 0.031300 ms)

AssetImportParameters requested are different than current active one (requested -> active):
  custom:framework-win-MediaFoundation: 216162199b28c13a410421893ffa2e32 -> 
  custom:video-decoder-ogg-theora: a1e56fd34408186e4bbccfd4996cb3dc -> 
  custom:container-muxer-webm: aa71ff27fc2769a1b78a27578f13a17b -> 
  custom:container-demuxer-webm: 4f35f7cbe854078d1ac9338744f61a02 -> 
  custom:container-demuxer-ogg: 62fdf1f143b41e24485cea50d1cbac27 -> 
  custom:video-encoder-webm-vp8: eb34c28f22e8b96e1ab97ce403110664 -> 
  custom:video-decoder-webm-vp8: 9c59270c3fd7afecdb556c50c9e8de78 -> 
  custom:audio-decoder-ogg-vorbis: bf7c407c2cedff20999df2af8eb42d56 -> 
  custom:audio-encoder-webm-vorbis: bf7c407c2cedff20999df2af8eb42d56 -> 
========================================================================
Received Prepare
Registering precompiled user dll's ...
Registered in 0.005270 seconds.
Begin MonoManager ReloadAssembly
Native extension for WindowsStandalone target not found
Refreshing native plugins compatible for Editor in 0.66 ms, found 2 plugins.
Preloading 0 native plugins for Editor in 0.00 ms.
Mono: successfully reloaded assembly
- Completed reload, in  1.655 seconds
Domain Reload Profiling:
	ReloadAssembly (1655ms)
		BeginReloadAssembly (208ms)
			ExecutionOrderSort (0ms)
			DisableScriptedObjects (7ms)
			BackupInstance (0ms)
			ReleaseScriptingObjects (0ms)
			CreateAndSetChildDomain (86ms)
		EndReloadAssembly (1359ms)
			LoadAssemblies (138ms)
			RebuildTransferFunctionScriptingTraits (0ms)
			SetupTypeCache (443ms)
			ReleaseScriptCaches (2ms)
			RebuildScriptCaches (64ms)
			SetupLoadedEditorAssemblies (563ms)
				LogAssemblyErrors (0ms)
				InitializePlatformSupportModulesInManaged (5ms)
				SetLoadedEditorAssemblies (1ms)
				RefreshPlugins (1ms)
				BeforeProcessingInitializeOnLoad (113ms)
				ProcessInitializeOnLoadAttributes (411ms)
				ProcessInitializeOnLoadMethodAttributes (23ms)
				AfterProcessingInitializeOnLoad (9ms)
				EditorAssembliesLoaded (0ms)
			ExecutionOrderSort2 (0ms)
			AwakeInstancesAfterBackupRestoration (10ms)
Platform modules already initialized, skipping
Refreshing native plugins compatible for Editor in 0.98 ms, found 2 plugins.
Preloading 0 native plugins for Editor in 0.00 ms.
Unloading 2706 Unused Serialized files (Serialized files now loaded: 0)
System memory in use before: 123.0 MB.
System memory in use after: 123.2 MB.

Unloading 12 unused Assets to reduce memory usage. Loaded Objects now: 3268.
Total: 4.470000 ms (FindLiveObjects: 0.282000 ms CreateObjectMapping: 0.160300 ms MarkObjects: 3.997800 ms  DeleteObjects: 0.028600 ms)

AssetImportParameters requested are different than current active one (requested -> active):
  custom:framework-win-MediaFoundation: 216162199b28c13a410421893ffa2e32 -> 
  custom:video-decoder-ogg-theora: a1e56fd34408186e4bbccfd4996cb3dc -> 
  custom:container-muxer-webm: aa71ff27fc2769a1b78a27578f13a17b -> 
  custom:container-demuxer-webm: 4f35f7cbe854078d1ac9338744f61a02 -> 
  custom:container-demuxer-ogg: 62fdf1f143b41e24485cea50d1cbac27 -> 
  custom:video-encoder-webm-vp8: eb34c28f22e8b96e1ab97ce403110664 -> 
  custom:video-decoder-webm-vp8: 9c59270c3fd7afecdb556c50c9e8de78 -> 
  custom:audio-decoder-ogg-vorbis: bf7c407c2cedff20999df2af8eb42d56 -> 
  custom:audio-encoder-webm-vorbis: bf7c407c2cedff20999df2af8eb42d56 -> 
========================================================================
Received Import Request.
  Time since last request: 144.593640 seconds.
  path: Assets/Textures/Particle1.png
  artifactKey: Guid(8eb342e3f177fd542aa99342d4997373) Importer(815301076,1909f56bfc062723c751e8b465ee728b)
Start importing Assets/Textures/Particle1.png using Guid(8eb342e3f177fd542aa99342d4997373) Importer(815301076,1909f56bfc062723c751e8b465ee728b)  -> (artifact id: 'bf2347b2379386e185d8962f69b0e1cb') in 0.069841 seconds 
========================================================================
Received Prepare
Registering precompiled user dll's ...
Registered in 0.007605 seconds.
Begin MonoManager ReloadAssembly
Native extension for WindowsStandalone target not found
Refreshing native plugins compatible for Editor in 0.92 ms, found 2 plugins.
Preloading 0 native plugins for Editor in 0.00 ms.
Mono: successfully reloaded assembly
- Completed reload, in  1.794 seconds
Domain Reload Profiling:
	ReloadAssembly (1794ms)
		BeginReloadAssembly (231ms)
			ExecutionOrderSort (0ms)
			DisableScriptedObjects (7ms)
			BackupInstance (0ms)
			ReleaseScriptingObjects (0ms)
			CreateAndSetChildDomain (73ms)
		EndReloadAssembly (1441ms)
			LoadAssemblies (210ms)
			RebuildTransferFunctionScriptingTraits (0ms)
			SetupTypeCache (520ms)
			ReleaseScriptCaches (2ms)
			RebuildScriptCaches (111ms)
			SetupLoadedEditorAssemblies (456ms)
				LogAssemblyErrors (0ms)
				InitializePlatformSupportModulesInManaged (5ms)
				SetLoadedEditorAssemblies (1ms)
				RefreshPlugins (1ms)
				BeforeProcessingInitializeOnLoad (100ms)
				ProcessInitializeOnLoadAttributes (312ms)
				ProcessInitializeOnLoadMethodAttributes (28ms)
				AfterProcessingInitializeOnLoad (9ms)
				EditorAssembliesLoaded (0ms)
			ExecutionOrderSort2 (0ms)
			AwakeInstancesAfterBackupRestoration (9ms)
Platform modules already initialized, skipping
Refreshing native plugins compatible for Editor in 1.09 ms, found 2 plugins.
Preloading 0 native plugins for Editor in 0.00 ms.
Unloading 2746 Unused Serialized files (Serialized files now loaded: 0)
System memory in use before: 124.2 MB.
System memory in use after: 124.5 MB.

Unloading 12 unused Assets to reduce memory usage. Loaded Objects now: 3316.
Total: 31.512300 ms (FindLiveObjects: 0.374800 ms CreateObjectMapping: 0.192900 ms MarkObjects: 30.904500 ms  DeleteObjects: 0.038400 ms)

AssetImportParameters requested are different than current active one (requested -> active):
  custom:framework-win-MediaFoundation: 216162199b28c13a410421893ffa2e32 -> 
  custom:video-decoder-ogg-theora: a1e56fd34408186e4bbccfd4996cb3dc -> 
  custom:container-muxer-webm: aa71ff27fc2769a1b78a27578f13a17b -> 
  custom:container-demuxer-webm: 4f35f7cbe854078d1ac9338744f61a02 -> 
  custom:container-demuxer-ogg: 62fdf1f143b41e24485cea50d1cbac27 -> 
  custom:video-encoder-webm-vp8: eb34c28f22e8b96e1ab97ce403110664 -> 
  custom:video-decoder-webm-vp8: 9c59270c3fd7afecdb556c50c9e8de78 -> 
  custom:audio-decoder-ogg-vorbis: bf7c407c2cedff20999df2af8eb42d56 -> 
  custom:audio-encoder-webm-vorbis: bf7c407c2cedff20999df2af8eb42d56 -> 
========================================================================
Received Import Request.
  Time since last request: 325.380365 seconds.
  path: Assets/Prefabs
  artifactKey: Guid(43b2c5e5b25badc41a102187445983e7) Importer(815301076,1909f56bfc062723c751e8b465ee728b)
Start importing Assets/Prefabs using Guid(43b2c5e5b25badc41a102187445983e7) Importer(815301076,1909f56bfc062723c751e8b465ee728b)  -> (artifact id: 'bd338efddd6dc490c1876a450b39bb8b') in 0.031433 seconds 
========================================================================
Received Import Request.
  Time since last request: 0.000283 seconds.
  path: Assets/Prefabs/Player.prefab
  artifactKey: Guid(006f9daeed94a7a4c9a741e730533df3) Importer(815301076,1909f56bfc062723c751e8b465ee728b)
Start importing Assets/Prefabs/Player.prefab using Guid(006f9daeed94a7a4c9a741e730533df3) Importer(815301076,1909f56bfc062723c751e8b465ee728b)  -> (artifact id: '10dc86f9bf3e6283ee5cf1d9cc758be2') in 0.341920 seconds 
========================================================================
Received Import Request.
  Time since last request: 4.138966 seconds.
  path: Assets/Prefabs/Particles
  artifactKey: Guid(570d1d60524239249b27f53eec066923) Importer(815301076,1909f56bfc062723c751e8b465ee728b)
Start importing Assets/Prefabs/Particles using Guid(570d1d60524239249b27f53eec066923) Importer(815301076,1909f56bfc062723c751e8b465ee728b)  -> (artifact id: '54668980bb793052fa3e2bc463722f46') in 0.018523 seconds 
========================================================================
Received Import Request.
  Time since last request: 3.665835 seconds.
  path: Assets/Prefabs/Enemies
  artifactKey: Guid(2525110cf7392d44f807509412088b63) Importer(815301076,1909f56bfc062723c751e8b465ee728b)
Start importing Assets/Prefabs/Enemies using Guid(2525110cf7392d44f807509412088b63) Importer(815301076,1909f56bfc062723c751e8b465ee728b)  -> (artifact id: 'c462da1e5b904f3d9064441bcc677db8') in 0.014196 seconds 
========================================================================
Received Import Request.
  Time since last request: 3.543492 seconds.
  path: Assets/Prefabs/Player
  artifactKey: Guid(b362f80494fc07b4fa64514abfc26fe5) Importer(815301076,1909f56bfc062723c751e8b465ee728b)
Start importing Assets/Prefabs/Player using Guid(b362f80494fc07b4fa64514abfc26fe5) Importer(815301076,1909f56bfc062723c751e8b465ee728b)  -> (artifact id: 'c105a2432c90d44626b106007d8d7491') in 0.017757 seconds 
========================================================================
Received Import Request.
  Time since last request: 16.568140 seconds.
  path: Assets/Prefabs/Particles/Particles1.prefab
  artifactKey: Guid(d4d2be12b22315f408ef1943ff6f40de) Importer(815301076,1909f56bfc062723c751e8b465ee728b)
Start importing Assets/Prefabs/Particles/Particles1.prefab using Guid(d4d2be12b22315f408ef1943ff6f40de) Importer(815301076,1909f56bfc062723c751e8b465ee728b)  -> (artifact id: '61bff0d049c46968d1c72b86146323e7') in 0.014718 seconds 
========================================================================
Received Import Request.
  Time since last request: 4.787467 seconds.
  path: Assets/Prefabs/Particles/Particles1.prefab
  artifactKey: Guid(d4d2be12b22315f408ef1943ff6f40de) Importer(815301076,1909f56bfc062723c751e8b465ee728b)
Start importing Assets/Prefabs/Particles/Particles1.prefab using Guid(d4d2be12b22315f408ef1943ff6f40de) Importer(815301076,1909f56bfc062723c751e8b465ee728b)  -> (artifact id: '5da5c1f04a8241bf967fcea283d1a0c1') in 0.028124 seconds 
========================================================================
Received Import Request.
  Time since last request: 0.047060 seconds.
  path: Packages/com.unity.render-pipelines.universal/Runtime/Materials/Sprite-Lit-Default.mat
  artifactKey: Guid(a97c105638bdf8b4a8650670310a4cd3) Importer(815301076,1909f56bfc062723c751e8b465ee728b)
Start importing Packages/com.unity.render-pipelines.universal/Runtime/Materials/Sprite-Lit-Default.mat using Guid(a97c105638bdf8b4a8650670310a4cd3) Importer(815301076,1909f56bfc062723c751e8b465ee728b)  -> (artifact id: 'cbf71d48645b4137c3fdde14caf1f63f') in 0.113549 seconds 
========================================================================
Received Import Request.
  Time since last request: 10.828765 seconds.
  path: Assets/Prefabs/Particles/Particles1.prefab
  artifactKey: Guid(d4d2be12b22315f408ef1943ff6f40de) Importer(815301076,1909f56bfc062723c751e8b465ee728b)
Start importing Assets/Prefabs/Particles/Particles1.prefab using Guid(d4d2be12b22315f408ef1943ff6f40de) Importer(815301076,1909f56bfc062723c751e8b465ee728b)  -> (artifact id: 'b56295bc80f5637b09456f5ff4de22a0') in 0.030327 seconds 
========================================================================
Received Import Request.
  Time since last request: 2.821497 seconds.
  path: Assets/Prefabs/Particles/Particles1.prefab
  artifactKey: Guid(d4d2be12b22315f408ef1943ff6f40de) Importer(815301076,1909f56bfc062723c751e8b465ee728b)
Start importing Assets/Prefabs/Particles/Particles1.prefab using Guid(d4d2be12b22315f408ef1943ff6f40de) Importer(815301076,1909f56bfc062723c751e8b465ee728b)  -> (artifact id: '01e4d9ae9094734451951f53125433df') in 0.029910 seconds 
========================================================================
Received Import Request.
  Time since last request: 3.700622 seconds.
  path: Assets/Prefabs/Particles/Particles1.prefab
  artifactKey: Guid(d4d2be12b22315f408ef1943ff6f40de) Importer(815301076,1909f56bfc062723c751e8b465ee728b)
Start importing Assets/Prefabs/Particles/Particles1.prefab using Guid(d4d2be12b22315f408ef1943ff6f40de) Importer(815301076,1909f56bfc062723c751e8b465ee728b)  -> (artifact id: 'cc4b67f1907c429ae0889325f02f15aa') in 0.027460 seconds 
========================================================================
Received Import Request.
  Time since last request: 6.968280 seconds.
  path: Assets/Prefabs/Particles/Particles1.prefab
  artifactKey: Guid(d4d2be12b22315f408ef1943ff6f40de) Importer(815301076,1909f56bfc062723c751e8b465ee728b)
Start importing Assets/Prefabs/Particles/Particles1.prefab using Guid(d4d2be12b22315f408ef1943ff6f40de) Importer(815301076,1909f56bfc062723c751e8b465ee728b)  -> (artifact id: '74be2d5f2832d5a8ed64c2eb477d8dfb') in 0.025574 seconds 
========================================================================
Received Import Request.
  Time since last request: 35.814060 seconds.
  path: Assets/Prefabs/Particles/Particles1.prefab
  artifactKey: Guid(d4d2be12b22315f408ef1943ff6f40de) Importer(815301076,1909f56bfc062723c751e8b465ee728b)
Start importing Assets/Prefabs/Particles/Particles1.prefab using Guid(d4d2be12b22315f408ef1943ff6f40de) Importer(815301076,1909f56bfc062723c751e8b465ee728b)  -> (artifact id: 'e140372c0459db659a0d1c3af896b276') in 0.026450 seconds 
========================================================================
Received Import Request.
  Time since last request: 1.603529 seconds.
  path: Assets/Prefabs/Particles/Particles1.prefab
  artifactKey: Guid(d4d2be12b22315f408ef1943ff6f40de) Importer(815301076,1909f56bfc062723c751e8b465ee728b)
Start importing Assets/Prefabs/Particles/Particles1.prefab using Guid(d4d2be12b22315f408ef1943ff6f40de) Importer(815301076,1909f56bfc062723c751e8b465ee728b)  -> (artifact id: '4696679260f13e5c0559502003809c3c') in 0.025011 seconds 
========================================================================
Received Import Request.
  Time since last request: 3.018264 seconds.
  path: Assets/Prefabs/Particles/Particles1.prefab
  artifactKey: Guid(d4d2be12b22315f408ef1943ff6f40de) Importer(815301076,1909f56bfc062723c751e8b465ee728b)
Start importing Assets/Prefabs/Particles/Particles1.prefab using Guid(d4d2be12b22315f408ef1943ff6f40de) Importer(815301076,1909f56bfc062723c751e8b465ee728b)  -> (artifact id: '4baee0bc086cbeee852e84f9505bd6be') in 0.023944 seconds 
========================================================================
Received Import Request.
  Time since last request: 1.842401 seconds.
  path: Assets/Prefabs/Particles/Particles1.prefab
  artifactKey: Guid(d4d2be12b22315f408ef1943ff6f40de) Importer(815301076,1909f56bfc062723c751e8b465ee728b)
Start importing Assets/Prefabs/Particles/Particles1.prefab using Guid(d4d2be12b22315f408ef1943ff6f40de) Importer(815301076,1909f56bfc062723c751e8b465ee728b)  -> (artifact id: 'f9f3b28fcf96c224d751a8151bc003e9') in 0.081953 seconds 
========================================================================
Received Import Request.
  Time since last request: 6.444371 seconds.
  path: Assets/Prefabs/Particles/Particles1.prefab
  artifactKey: Guid(d4d2be12b22315f408ef1943ff6f40de) Importer(815301076,1909f56bfc062723c751e8b465ee728b)
Start importing Assets/Prefabs/Particles/Particles1.prefab using Guid(d4d2be12b22315f408ef1943ff6f40de) Importer(815301076,1909f56bfc062723c751e8b465ee728b)  -> (artifact id: 'c41b4aef5a336dbf6ba9c56c0f32a651') in 0.024493 seconds 
========================================================================
Received Import Request.
  Time since last request: 3.438262 seconds.
  path: Assets/Prefabs/Particles/Particles1.prefab
  artifactKey: Guid(d4d2be12b22315f408ef1943ff6f40de) Importer(815301076,1909f56bfc062723c751e8b465ee728b)
Start importing Assets/Prefabs/Particles/Particles1.prefab using Guid(d4d2be12b22315f408ef1943ff6f40de) Importer(815301076,1909f56bfc062723c751e8b465ee728b)  -> (artifact id: 'fe0e86aee1565006ef8d348515f0aa11') in 0.026206 seconds 
========================================================================
Received Import Request.
  Time since last request: 8.022208 seconds.
  path: Assets/Prefabs/Particles/Particles1.prefab
  artifactKey: Guid(d4d2be12b22315f408ef1943ff6f40de) Importer(815301076,1909f56bfc062723c751e8b465ee728b)
Start importing Assets/Prefabs/Particles/Particles1.prefab using Guid(d4d2be12b22315f408ef1943ff6f40de) Importer(815301076,1909f56bfc062723c751e8b465ee728b)  -> (artifact id: '296e1c361f75d6c2ed38e2922a73a0fa') in 0.047500 seconds 
========================================================================
Received Import Request.
  Time since last request: 6.397170 seconds.
  path: Assets/Prefabs/Particles/Particles1.prefab
  artifactKey: Guid(d4d2be12b22315f408ef1943ff6f40de) Importer(815301076,1909f56bfc062723c751e8b465ee728b)
Start importing Assets/Prefabs/Particles/Particles1.prefab using Guid(d4d2be12b22315f408ef1943ff6f40de) Importer(815301076,1909f56bfc062723c751e8b465ee728b)  -> (artifact id: 'c592c2c7df87cf83c204c3e61e74f6bb') in 0.041377 seconds 
========================================================================
Received Import Request.
  Time since last request: 2.543111 seconds.
  path: Assets/Prefabs/Particles/Particles1.prefab
  artifactKey: Guid(d4d2be12b22315f408ef1943ff6f40de) Importer(815301076,1909f56bfc062723c751e8b465ee728b)
Start importing Assets/Prefabs/Particles/Particles1.prefab using Guid(d4d2be12b22315f408ef1943ff6f40de) Importer(815301076,1909f56bfc062723c751e8b465ee728b)  -> (artifact id: 'ccb1419fd1f378855e2110f1046dff04') in 0.036088 seconds 
========================================================================
Received Import Request.
  Time since last request: 4.466691 seconds.
  path: Assets/Materials
  artifactKey: Guid(d0234ba368eeec9418390da711bfdad0) Importer(815301076,1909f56bfc062723c751e8b465ee728b)
Start importing Assets/Materials using Guid(d0234ba368eeec9418390da711bfdad0) Importer(815301076,1909f56bfc062723c751e8b465ee728b)  -> (artifact id: 'fa67f7aafba014bdcc74449d8eba51d0') in 0.021343 seconds 
========================================================================
Received Import Request.
  Time since last request: 5.121307 seconds.
  path: Assets/Materials/Particle1.mat
  artifactKey: Guid(2ca3e35a7ed12864583a8a08cf7d5a5b) Importer(815301076,1909f56bfc062723c751e8b465ee728b)
Start importing Assets/Materials/Particle1.mat using Guid(2ca3e35a7ed12864583a8a08cf7d5a5b) Importer(815301076,1909f56bfc062723c751e8b465ee728b)  -> (artifact id: 'a4f01c4ad08ab3dcb2ad9d7189a4f2ad') in 0.042978 seconds 
========================================================================
Received Import Request.
  Time since last request: 5.886810 seconds.
  path: Assets/Materials/Particle1.mat
  artifactKey: Guid(2ca3e35a7ed12864583a8a08cf7d5a5b) Importer(815301076,1909f56bfc062723c751e8b465ee728b)
Start importing Assets/Materials/Particle1.mat using Guid(2ca3e35a7ed12864583a8a08cf7d5a5b) Importer(815301076,1909f56bfc062723c751e8b465ee728b)  -> (artifact id: '3844f362f50ad586c5c1f19840cc91ab') in 0.039956 seconds 
========================================================================
Received Import Request.
  Time since last request: 2.429980 seconds.
  path: Assets/Materials/Particle1.mat
  artifactKey: Guid(2ca3e35a7ed12864583a8a08cf7d5a5b) Importer(815301076,1909f56bfc062723c751e8b465ee728b)
Start importing Assets/Materials/Particle1.mat using Guid(2ca3e35a7ed12864583a8a08cf7d5a5b) Importer(815301076,1909f56bfc062723c751e8b465ee728b)  -> (artifact id: '8f8afc16e6fd58be1eacb844421e3fca') in 0.029705 seconds 
========================================================================
Received Import Request.
  Time since last request: 10.207813 seconds.
  path: Assets/Materials/Particle1.mat
  artifactKey: Guid(2ca3e35a7ed12864583a8a08cf7d5a5b) Importer(815301076,1909f56bfc062723c751e8b465ee728b)
Start importing Assets/Materials/Particle1.mat using Guid(2ca3e35a7ed12864583a8a08cf7d5a5b) Importer(815301076,1909f56bfc062723c751e8b465ee728b)  -> (artifact id: 'f0524a6a6212f0d618106afd6a709cf1') in 0.024730 seconds 
========================================================================
Received Import Request.
  Time since last request: 3.976996 seconds.
  path: Assets/Materials/Particle1.mat
  artifactKey: Guid(2ca3e35a7ed12864583a8a08cf7d5a5b) Importer(815301076,1909f56bfc062723c751e8b465ee728b)
Start importing Assets/Materials/Particle1.mat using Guid(2ca3e35a7ed12864583a8a08cf7d5a5b) Importer(815301076,1909f56bfc062723c751e8b465ee728b)  -> (artifact id: '50e1f632b62a3b3d7f3976afd9d86e27') in 0.033141 seconds 
========================================================================
Received Import Request.
  Time since last request: 2.855324 seconds.
  path: Assets/Materials/Particle1.mat
  artifactKey: Guid(2ca3e35a7ed12864583a8a08cf7d5a5b) Importer(815301076,1909f56bfc062723c751e8b465ee728b)
Start importing Assets/Materials/Particle1.mat using Guid(2ca3e35a7ed12864583a8a08cf7d5a5b) Importer(815301076,1909f56bfc062723c751e8b465ee728b)  -> (artifact id: '0ae92100f5286039ce289ca64d5dcf2d') in 0.037948 seconds 
========================================================================
Received Import Request.
  Time since last request: 2.348591 seconds.
  path: Assets/Materials/Particle1.mat
  artifactKey: Guid(2ca3e35a7ed12864583a8a08cf7d5a5b) Importer(815301076,1909f56bfc062723c751e8b465ee728b)
Start importing Assets/Materials/Particle1.mat using Guid(2ca3e35a7ed12864583a8a08cf7d5a5b) Importer(815301076,1909f56bfc062723c751e8b465ee728b)  -> (artifact id: 'a7a3d3b556390e08d198c503ae19d6b7') in 0.022650 seconds 
========================================================================
Received Import Request.
  Time since last request: 6.532093 seconds.
  path: Assets/Materials/Particle1.mat
  artifactKey: Guid(2ca3e35a7ed12864583a8a08cf7d5a5b) Importer(815301076,1909f56bfc062723c751e8b465ee728b)
Start importing Assets/Materials/Particle1.mat using Guid(2ca3e35a7ed12864583a8a08cf7d5a5b) Importer(815301076,1909f56bfc062723c751e8b465ee728b)  -> (artifact id: 'ec1dd9318d4be0965d8d11345dd4eff2') in 0.033987 seconds 
========================================================================
Received Import Request.
  Time since last request: 7.830256 seconds.
  path: Assets/Materials/Particle1.mat
  artifactKey: Guid(2ca3e35a7ed12864583a8a08cf7d5a5b) Importer(815301076,1909f56bfc062723c751e8b465ee728b)
Start importing Assets/Materials/Particle1.mat using Guid(2ca3e35a7ed12864583a8a08cf7d5a5b) Importer(815301076,1909f56bfc062723c751e8b465ee728b)  -> (artifact id: '51438072fd4eb689b3e907e579e06239') in 0.041366 seconds 
========================================================================
Received Import Request.
  Time since last request: 3.368946 seconds.
  path: Assets/Materials/Particle1.mat
  artifactKey: Guid(2ca3e35a7ed12864583a8a08cf7d5a5b) Importer(815301076,1909f56bfc062723c751e8b465ee728b)
Start importing Assets/Materials/Particle1.mat using Guid(2ca3e35a7ed12864583a8a08cf7d5a5b) Importer(815301076,1909f56bfc062723c751e8b465ee728b)  -> (artifact id: '7e2387567455d6b033566e1004b2eeca') in 0.025621 seconds 
========================================================================
Received Import Request.
  Time since last request: 2.837620 seconds.
  path: Assets/Materials/Particle1.mat
  artifactKey: Guid(2ca3e35a7ed12864583a8a08cf7d5a5b) Importer(815301076,1909f56bfc062723c751e8b465ee728b)
Start importing Assets/Materials/Particle1.mat using Guid(2ca3e35a7ed12864583a8a08cf7d5a5b) Importer(815301076,1909f56bfc062723c751e8b465ee728b)  -> (artifact id: '60273cb716fcd15f92cd9c250b34e140') in 0.038439 seconds 
========================================================================
Received Import Request.
  Time since last request: 8.373416 seconds.
  path: Assets/Materials/Particle1.mat
  artifactKey: Guid(2ca3e35a7ed12864583a8a08cf7d5a5b) Importer(815301076,1909f56bfc062723c751e8b465ee728b)
Start importing Assets/Materials/Particle1.mat using Guid(2ca3e35a7ed12864583a8a08cf7d5a5b) Importer(815301076,1909f56bfc062723c751e8b465ee728b)  -> (artifact id: 'c21e9651222c8996758a2657df7cda9b') in 0.034792 seconds 
========================================================================
Received Import Request.
  Time since last request: 11.929047 seconds.
  path: Assets/Textures/Particle1.png
  artifactKey: Guid(8eb342e3f177fd542aa99342d4997373) Importer(815301076,1909f56bfc062723c751e8b465ee728b)
Start importing Assets/Textures/Particle1.png using Guid(8eb342e3f177fd542aa99342d4997373) Importer(815301076,1909f56bfc062723c751e8b465ee728b)  -> (artifact id: '12d016ad26b7da839d2fb776a5d5343d') in 0.040819 seconds 
========================================================================
Received Import Request.
  Time since last request: 27.546007 seconds.
  path: Assets/Materials/Particle1.mat
  artifactKey: Guid(2ca3e35a7ed12864583a8a08cf7d5a5b) Importer(815301076,1909f56bfc062723c751e8b465ee728b)
Start importing Assets/Materials/Particle1.mat using Guid(2ca3e35a7ed12864583a8a08cf7d5a5b) Importer(815301076,1909f56bfc062723c751e8b465ee728b)  -> (artifact id: 'f60f315de6ef36e0be40ba1d5b1caeaa') in 0.050180 seconds 
========================================================================
Received Import Request.
  Time since last request: 10.901219 seconds.
  path: Assets/Materials/Particle1.mat
  artifactKey: Guid(2ca3e35a7ed12864583a8a08cf7d5a5b) Importer(815301076,1909f56bfc062723c751e8b465ee728b)
Start importing Assets/Materials/Particle1.mat using Guid(2ca3e35a7ed12864583a8a08cf7d5a5b) Importer(815301076,1909f56bfc062723c751e8b465ee728b)  -> (artifact id: 'a7b7bc51e420af5998c9cee070af1018') in 0.037702 seconds 
========================================================================
Received Prepare
Registering precompiled user dll's ...
Registered in 0.006023 seconds.
Begin MonoManager ReloadAssembly
Native extension for WindowsStandalone target not found
Refreshing native plugins compatible for Editor in 0.67 ms, found 2 plugins.
Preloading 0 native plugins for Editor in 0.00 ms.
Mono: successfully reloaded assembly
- Completed reload, in  2.794 seconds
Domain Reload Profiling:
	ReloadAssembly (2795ms)
		BeginReloadAssembly (368ms)
			ExecutionOrderSort (0ms)
			DisableScriptedObjects (17ms)
			BackupInstance (0ms)
			ReleaseScriptingObjects (0ms)
			CreateAndSetChildDomain (110ms)
		EndReloadAssembly (2260ms)
			LoadAssemblies (350ms)
			RebuildTransferFunctionScriptingTraits (0ms)
			SetupTypeCache (1020ms)
			ReleaseScriptCaches (2ms)
			RebuildScriptCaches (175ms)
			SetupLoadedEditorAssemblies (411ms)
				LogAssemblyErrors (0ms)
				InitializePlatformSupportModulesInManaged (5ms)
				SetLoadedEditorAssemblies (1ms)
				RefreshPlugins (1ms)
				BeforeProcessingInitializeOnLoad (91ms)
				ProcessInitializeOnLoadAttributes (282ms)
				ProcessInitializeOnLoadMethodAttributes (22ms)
				AfterProcessingInitializeOnLoad (9ms)
				EditorAssembliesLoaded (0ms)
			ExecutionOrderSort2 (0ms)
			AwakeInstancesAfterBackupRestoration (19ms)
Platform modules already initialized, skipping
Refreshing native plugins compatible for Editor in 1.18 ms, found 2 plugins.
Preloading 0 native plugins for Editor in 0.00 ms.
Unloading 2746 Unused Serialized files (Serialized files now loaded: 0)
System memory in use before: 127.0 MB.
System memory in use after: 127.2 MB.

Unloading 12 unused Assets to reduce memory usage. Loaded Objects now: 3398.
Total: 7.938600 ms (FindLiveObjects: 0.370900 ms CreateObjectMapping: 0.183300 ms MarkObjects: 7.344500 ms  DeleteObjects: 0.037800 ms)

AssetImportParameters requested are different than current active one (requested -> active):
  custom:framework-win-MediaFoundation: 216162199b28c13a410421893ffa2e32 -> 
  custom:video-decoder-ogg-theora: a1e56fd34408186e4bbccfd4996cb3dc -> 
  custom:container-muxer-webm: aa71ff27fc2769a1b78a27578f13a17b -> 
  custom:container-demuxer-webm: 4f35f7cbe854078d1ac9338744f61a02 -> 
  custom:container-demuxer-ogg: 62fdf1f143b41e24485cea50d1cbac27 -> 
  custom:video-encoder-webm-vp8: eb34c28f22e8b96e1ab97ce403110664 -> 
  custom:video-decoder-webm-vp8: 9c59270c3fd7afecdb556c50c9e8de78 -> 
  custom:audio-decoder-ogg-vorbis: bf7c407c2cedff20999df2af8eb42d56 -> 
  custom:audio-encoder-webm-vorbis: bf7c407c2cedff20999df2af8eb42d56 -> 
========================================================================
Received Import Request.
  Time since last request: 17.431544 seconds.
  path: Assets/Materials/Particle1.mat
  artifactKey: Guid(2ca3e35a7ed12864583a8a08cf7d5a5b) Importer(815301076,1909f56bfc062723c751e8b465ee728b)
Start importing Assets/Materials/Particle1.mat using Guid(2ca3e35a7ed12864583a8a08cf7d5a5b) Importer(815301076,1909f56bfc062723c751e8b465ee728b)  -> (artifact id: '39d395d9539245e1098894a9a744189f') in 0.497209 seconds 
========================================================================
Received Import Request.
  Time since last request: 4.112984 seconds.
  path: Assets/Materials/Particle1.mat
  artifactKey: Guid(2ca3e35a7ed12864583a8a08cf7d5a5b) Importer(815301076,1909f56bfc062723c751e8b465ee728b)
Start importing Assets/Materials/Particle1.mat using Guid(2ca3e35a7ed12864583a8a08cf7d5a5b) Importer(815301076,1909f56bfc062723c751e8b465ee728b)  -> (artifact id: '12c376798a5ac70c823732648df6d587') in 0.045110 seconds 
========================================================================
Received Import Request.
  Time since last request: 6.208130 seconds.
  path: Assets/Materials/Particle1.mat
  artifactKey: Guid(2ca3e35a7ed12864583a8a08cf7d5a5b) Importer(815301076,1909f56bfc062723c751e8b465ee728b)
Start importing Assets/Materials/Particle1.mat using Guid(2ca3e35a7ed12864583a8a08cf7d5a5b) Importer(815301076,1909f56bfc062723c751e8b465ee728b)  -> (artifact id: 'bb7ef0ce9cfa121e4b798bfeba88082e') in 0.041731 seconds 
========================================================================
Received Import Request.
  Time since last request: 16.671599 seconds.
  path: Assets/Materials/Particle1.mat
  artifactKey: Guid(2ca3e35a7ed12864583a8a08cf7d5a5b) Importer(815301076,1909f56bfc062723c751e8b465ee728b)
Start importing Assets/Materials/Particle1.mat using Guid(2ca3e35a7ed12864583a8a08cf7d5a5b) Importer(815301076,1909f56bfc062723c751e8b465ee728b)  -> (artifact id: '9e6e0cd5509c912b9c7a9c6edcbfe54a') in 0.055622 seconds 
========================================================================
Received Import Request.
  Time since last request: 7.853934 seconds.
  path: Assets/Materials/Particle1.mat
  artifactKey: Guid(2ca3e35a7ed12864583a8a08cf7d5a5b) Importer(815301076,1909f56bfc062723c751e8b465ee728b)
Start importing Assets/Materials/Particle1.mat using Guid(2ca3e35a7ed12864583a8a08cf7d5a5b) Importer(815301076,1909f56bfc062723c751e8b465ee728b)  -> (artifact id: 'fec08875646bb9d4dba731dfdc92a9e1') in 0.089591 seconds 
========================================================================
Received Prepare
Registering precompiled user dll's ...
Registered in 0.010125 seconds.
Begin MonoManager ReloadAssembly
Native extension for WindowsStandalone target not found
Refreshing native plugins compatible for Editor in 1.10 ms, found 2 plugins.
Preloading 0 native plugins for Editor in 0.00 ms.
Mono: successfully reloaded assembly
- Completed reload, in  2.535 seconds
Domain Reload Profiling:
	ReloadAssembly (2536ms)
		BeginReloadAssembly (235ms)
			ExecutionOrderSort (0ms)
			DisableScriptedObjects (14ms)
			BackupInstance (0ms)
			ReleaseScriptingObjects (0ms)
			CreateAndSetChildDomain (80ms)
		EndReloadAssembly (2091ms)
			LoadAssemblies (235ms)
			RebuildTransferFunctionScriptingTraits (0ms)
			SetupTypeCache (787ms)
			ReleaseScriptCaches (2ms)
			RebuildScriptCaches (87ms)
			SetupLoadedEditorAssemblies (711ms)
				LogAssemblyErrors (0ms)
				InitializePlatformSupportModulesInManaged (9ms)
				SetLoadedEditorAssemblies (1ms)
				RefreshPlugins (1ms)
				BeforeProcessingInitializeOnLoad (231ms)
				ProcessInitializeOnLoadAttributes (427ms)
				ProcessInitializeOnLoadMethodAttributes (32ms)
				AfterProcessingInitializeOnLoad (10ms)
				EditorAssembliesLoaded (0ms)
			ExecutionOrderSort2 (0ms)
			AwakeInstancesAfterBackupRestoration (54ms)
Platform modules already initialized, skipping
Refreshing native plugins compatible for Editor in 1.18 ms, found 2 plugins.
Preloading 0 native plugins for Editor in 0.00 ms.
Unloading 2746 Unused Serialized files (Serialized files now loaded: 0)
System memory in use before: 127.1 MB.
System memory in use after: 127.3 MB.

Unloading 12 unused Assets to reduce memory usage. Loaded Objects now: 3437.
Total: 7.532900 ms (FindLiveObjects: 0.426300 ms CreateObjectMapping: 0.255100 ms MarkObjects: 6.740200 ms  DeleteObjects: 0.109300 ms)

AssetImportParameters requested are different than current active one (requested -> active):
  custom:framework-win-MediaFoundation: 216162199b28c13a410421893ffa2e32 -> 
  custom:video-decoder-ogg-theora: a1e56fd34408186e4bbccfd4996cb3dc -> 
  custom:container-muxer-webm: aa71ff27fc2769a1b78a27578f13a17b -> 
  custom:container-demuxer-webm: 4f35f7cbe854078d1ac9338744f61a02 -> 
  custom:container-demuxer-ogg: 62fdf1f143b41e24485cea50d1cbac27 -> 
  custom:video-encoder-webm-vp8: eb34c28f22e8b96e1ab97ce403110664 -> 
  custom:video-decoder-webm-vp8: 9c59270c3fd7afecdb556c50c9e8de78 -> 
  custom:audio-decoder-ogg-vorbis: bf7c407c2cedff20999df2af8eb42d56 -> 
  custom:audio-encoder-webm-vorbis: bf7c407c2cedff20999df2af8eb42d56 -> 
========================================================================
Received Import Request.
  Time since last request: 201.564861 seconds.
  path: Assets/Prefabs/Particles/Particles1.prefab
  artifactKey: Guid(d4d2be12b22315f408ef1943ff6f40de) Importer(815301076,1909f56bfc062723c751e8b465ee728b)
Start importing Assets/Prefabs/Particles/Particles1.prefab using Guid(d4d2be12b22315f408ef1943ff6f40de) Importer(815301076,1909f56bfc062723c751e8b465ee728b)  -> (artifact id: '77fa2680aeb4402ad77183d1956afc85') in 0.328202 seconds 
========================================================================
Received Import Request.
  Time since last request: 0.660615 seconds.
  path: Assets/Prefabs/Player/Player.prefab
  artifactKey: Guid(006f9daeed94a7a4c9a741e730533df3) Importer(815301076,1909f56bfc062723c751e8b465ee728b)
Start importing Assets/Prefabs/Player/Player.prefab using Guid(006f9daeed94a7a4c9a741e730533df3) Importer(815301076,1909f56bfc062723c751e8b465ee728b)  -> (artifact id: '19f3982dc8b42ec47069af3ed366852b') in 0.068778 seconds 
========================================================================
Received Import Request.
  Time since last request: 6.132028 seconds.
  path: Assets/Prefabs/Player/Player.prefab
  artifactKey: Guid(006f9daeed94a7a4c9a741e730533df3) Importer(815301076,1909f56bfc062723c751e8b465ee728b)
Start importing Assets/Prefabs/Player/Player.prefab using Guid(006f9daeed94a7a4c9a741e730533df3) Importer(815301076,1909f56bfc062723c751e8b465ee728b)  -> (artifact id: '8249a1a6395d548f07629cd4e2647b72') in 0.037360 seconds 
========================================================================
Received Prepare
Registering precompiled user dll's ...
Registered in 0.005098 seconds.
Begin MonoManager ReloadAssembly
Native extension for WindowsStandalone target not found
Refreshing native plugins compatible for Editor in 0.85 ms, found 2 plugins.
Preloading 0 native plugins for Editor in 0.00 ms.
Mono: successfully reloaded assembly
- Completed reload, in  2.038 seconds
Domain Reload Profiling:
	ReloadAssembly (2039ms)
		BeginReloadAssembly (204ms)
			ExecutionOrderSort (0ms)
			DisableScriptedObjects (16ms)
			BackupInstance (0ms)
			ReleaseScriptingObjects (0ms)
			CreateAndSetChildDomain (51ms)
		EndReloadAssembly (1722ms)
			LoadAssemblies (174ms)
			RebuildTransferFunctionScriptingTraits (0ms)
			SetupTypeCache (596ms)
			ReleaseScriptCaches (2ms)
			RebuildScriptCaches (98ms)
			SetupLoadedEditorAssemblies (627ms)
				LogAssemblyErrors (0ms)
				InitializePlatformSupportModulesInManaged (5ms)
				SetLoadedEditorAssemblies (1ms)
				RefreshPlugins (1ms)
				BeforeProcessingInitializeOnLoad (138ms)
				ProcessInitializeOnLoadAttributes (437ms)
				ProcessInitializeOnLoadMethodAttributes (34ms)
				AfterProcessingInitializeOnLoad (11ms)
				EditorAssembliesLoaded (0ms)
			ExecutionOrderSort2 (0ms)
			AwakeInstancesAfterBackupRestoration (24ms)
Platform modules already initialized, skipping
Refreshing native plugins compatible for Editor in 1.17 ms, found 2 plugins.
Preloading 0 native plugins for Editor in 0.00 ms.
Unloading 2746 Unused Serialized files (Serialized files now loaded: 0)
System memory in use before: 127.2 MB.
System memory in use after: 127.4 MB.

Unloading 12 unused Assets to reduce memory usage. Loaded Objects now: 3476.
Total: 6.965600 ms (FindLiveObjects: 0.396100 ms CreateObjectMapping: 0.177700 ms MarkObjects: 6.345300 ms  DeleteObjects: 0.044300 ms)

AssetImportParameters requested are different than current active one (requested -> active):
  custom:framework-win-MediaFoundation: 216162199b28c13a410421893ffa2e32 -> 
  custom:video-decoder-ogg-theora: a1e56fd34408186e4bbccfd4996cb3dc -> 
  custom:container-muxer-webm: aa71ff27fc2769a1b78a27578f13a17b -> 
  custom:container-demuxer-webm: 4f35f7cbe854078d1ac9338744f61a02 -> 
  custom:container-demuxer-ogg: 62fdf1f143b41e24485cea50d1cbac27 -> 
  custom:video-encoder-webm-vp8: eb34c28f22e8b96e1ab97ce403110664 -> 
  custom:video-decoder-webm-vp8: 9c59270c3fd7afecdb556c50c9e8de78 -> 
  custom:audio-decoder-ogg-vorbis: bf7c407c2cedff20999df2af8eb42d56 -> 
  custom:audio-encoder-webm-vorbis: bf7c407c2cedff20999df2af8eb42d56 -> 
========================================================================
Received Import Request.
  Time since last request: 32.115863 seconds.
  path: Assets/Scenes
  artifactKey: Guid(49b3c466d9ad29646980c98661e3232c) Importer(815301076,1909f56bfc062723c751e8b465ee728b)
Start importing Assets/Scenes using Guid(49b3c466d9ad29646980c98661e3232c) Importer(815301076,1909f56bfc062723c751e8b465ee728b)  -> (artifact id: '1f9d993dcbb14aec4f41fab41b4e2039') in 0.019341 seconds 
========================================================================
Received Prepare
Registering precompiled user dll's ...
Registered in 0.006028 seconds.
Begin MonoManager ReloadAssembly
Native extension for WindowsStandalone target not found
Refreshing native plugins compatible for Editor in 0.69 ms, found 2 plugins.
Preloading 0 native plugins for Editor in 0.00 ms.
Mono: successfully reloaded assembly
- Completed reload, in  1.722 seconds
Domain Reload Profiling:
	ReloadAssembly (1723ms)
		BeginReloadAssembly (253ms)
			ExecutionOrderSort (0ms)
			DisableScriptedObjects (31ms)
			BackupInstance (0ms)
			ReleaseScriptingObjects (0ms)
			CreateAndSetChildDomain (67ms)
		EndReloadAssembly (1364ms)
			LoadAssemblies (179ms)
			RebuildTransferFunctionScriptingTraits (0ms)
			SetupTypeCache (468ms)
			ReleaseScriptCaches (2ms)
			RebuildScriptCaches (85ms)
			SetupLoadedEditorAssemblies (438ms)
				LogAssemblyErrors (0ms)
				InitializePlatformSupportModulesInManaged (6ms)
				SetLoadedEditorAssemblies (1ms)
				RefreshPlugins (1ms)
				BeforeProcessingInitializeOnLoad (99ms)
				ProcessInitializeOnLoadAttributes (299ms)
				ProcessInitializeOnLoadMethodAttributes (22ms)
				AfterProcessingInitializeOnLoad (9ms)
				EditorAssembliesLoaded (0ms)
			ExecutionOrderSort2 (0ms)
			AwakeInstancesAfterBackupRestoration (22ms)
Platform modules already initialized, skipping
Refreshing native plugins compatible for Editor in 1.11 ms, found 2 plugins.
Preloading 0 native plugins for Editor in 0.00 ms.
Unloading 2746 Unused Serialized files (Serialized files now loaded: 0)
System memory in use before: 127.2 MB.
System memory in use after: 127.5 MB.

Unloading 12 unused Assets to reduce memory usage. Loaded Objects now: 3479.
Total: 9.053000 ms (FindLiveObjects: 0.407900 ms CreateObjectMapping: 2.380300 ms MarkObjects: 6.224300 ms  DeleteObjects: 0.038600 ms)

AssetImportParameters requested are different than current active one (requested -> active):
  custom:framework-win-MediaFoundation: 216162199b28c13a410421893ffa2e32 -> 
  custom:video-decoder-ogg-theora: a1e56fd34408186e4bbccfd4996cb3dc -> 
  custom:container-muxer-webm: aa71ff27fc2769a1b78a27578f13a17b -> 
  custom:container-demuxer-webm: 4f35f7cbe854078d1ac9338744f61a02 -> 
  custom:container-demuxer-ogg: 62fdf1f143b41e24485cea50d1cbac27 -> 
  custom:video-encoder-webm-vp8: eb34c28f22e8b96e1ab97ce403110664 -> 
  custom:video-decoder-webm-vp8: 9c59270c3fd7afecdb556c50c9e8de78 -> 
  custom:audio-decoder-ogg-vorbis: bf7c407c2cedff20999df2af8eb42d56 -> 
  custom:audio-encoder-webm-vorbis: bf7c407c2cedff20999df2af8eb42d56 -> 
========================================================================
Received Import Request.
  Time since last request: 12.910963 seconds.
  path: Assets/Scripts
  artifactKey: Guid(02a3527b6b33a924e8ec66aa805ea717) Importer(815301076,1909f56bfc062723c751e8b465ee728b)
Start importing Assets/Scripts using Guid(02a3527b6b33a924e8ec66aa805ea717) Importer(815301076,1909f56bfc062723c751e8b465ee728b)  -> (artifact id: '3d22bec3b2937c29cd085e1506c06094') in 0.024732 seconds 
========================================================================
Received Import Request.
  Time since last request: 9.211398 seconds.
  path: Assets/Prefabs/Particles/Particles1.prefab
  artifactKey: Guid(d4d2be12b22315f408ef1943ff6f40de) Importer(815301076,1909f56bfc062723c751e8b465ee728b)
Start importing Assets/Prefabs/Particles/Particles1.prefab using Guid(d4d2be12b22315f408ef1943ff6f40de) Importer(815301076,1909f56bfc062723c751e8b465ee728b)  -> (artifact id: '8b67a4ac64109c98f3f3b93f5b581eac') in 0.410097 seconds 
========================================================================
Received Import Request.
  Time since last request: 1.166232 seconds.
  path: Assets/Prefabs/Particles/Particles1.prefab
  artifactKey: Guid(d4d2be12b22315f408ef1943ff6f40de) Importer(815301076,1909f56bfc062723c751e8b465ee728b)
Start importing Assets/Prefabs/Particles/Particles1.prefab using Guid(d4d2be12b22315f408ef1943ff6f40de) Importer(815301076,1909f56bfc062723c751e8b465ee728b)  -> (artifact id: '9ce6b72dcfdafbf844be582877f617e2') in 0.033606 seconds 
========================================================================
Received Import Request.
  Time since last request: 1.028358 seconds.
  path: Assets/Prefabs/Particles/Particles1.prefab
  artifactKey: Guid(d4d2be12b22315f408ef1943ff6f40de) Importer(815301076,1909f56bfc062723c751e8b465ee728b)
Start importing Assets/Prefabs/Particles/Particles1.prefab using Guid(d4d2be12b22315f408ef1943ff6f40de) Importer(815301076,1909f56bfc062723c751e8b465ee728b)  -> (artifact id: '1ad61f173975fa4d29e5ac441115a929') in 0.032222 seconds 
========================================================================
Received Import Request.
  Time since last request: 3.774083 seconds.
  path: Assets/Prefabs/Particles/Particles1.prefab
  artifactKey: Guid(d4d2be12b22315f408ef1943ff6f40de) Importer(815301076,1909f56bfc062723c751e8b465ee728b)
Start importing Assets/Prefabs/Particles/Particles1.prefab using Guid(d4d2be12b22315f408ef1943ff6f40de) Importer(815301076,1909f56bfc062723c751e8b465ee728b)  -> (artifact id: '57304044e21260a310dd097c2426cd6a') in 0.036632 seconds 
========================================================================
Received Prepare
Registering precompiled user dll's ...
Registered in 0.017628 seconds.
Begin MonoManager ReloadAssembly
Native extension for WindowsStandalone target not found
Refreshing native plugins compatible for Editor in 0.90 ms, found 2 plugins.
Preloading 0 native plugins for Editor in 0.00 ms.
Mono: successfully reloaded assembly
- Completed reload, in  5.510 seconds
Domain Reload Profiling:
	ReloadAssembly (5512ms)
		BeginReloadAssembly (613ms)
			ExecutionOrderSort (0ms)
			DisableScriptedObjects (44ms)
			BackupInstance (0ms)
			ReleaseScriptingObjects (0ms)
			CreateAndSetChildDomain (272ms)
		EndReloadAssembly (4624ms)
			LoadAssemblies (446ms)
			RebuildTransferFunctionScriptingTraits (0ms)
			SetupTypeCache (1377ms)
			ReleaseScriptCaches (5ms)
			RebuildScriptCaches (320ms)
			SetupLoadedEditorAssemblies (1772ms)
				LogAssemblyErrors (0ms)
				InitializePlatformSupportModulesInManaged (12ms)
				SetLoadedEditorAssemblies (3ms)
				RefreshPlugins (1ms)
				BeforeProcessingInitializeOnLoad (273ms)
				ProcessInitializeOnLoadAttributes (1340ms)
				ProcessInitializeOnLoadMethodAttributes (95ms)
				AfterProcessingInitializeOnLoad (47ms)
				EditorAssembliesLoaded (1ms)
			ExecutionOrderSort2 (0ms)
			AwakeInstancesAfterBackupRestoration (202ms)
Platform modules already initialized, skipping
Refreshing native plugins compatible for Editor in 1.19 ms, found 2 plugins.
Preloading 0 native plugins for Editor in 0.00 ms.
Unloading 2746 Unused Serialized files (Serialized files now loaded: 0)
System memory in use before: 127.4 MB.
System memory in use after: 127.6 MB.

Unloading 12 unused Assets to reduce memory usage. Loaded Objects now: 3518.
Total: 26.107300 ms (FindLiveObjects: 0.771000 ms CreateObjectMapping: 0.499100 ms MarkObjects: 24.603500 ms  DeleteObjects: 0.230100 ms)

AssetImportParameters requested are different than current active one (requested -> active):
  custom:framework-win-MediaFoundation: 216162199b28c13a410421893ffa2e32 -> 
  custom:video-decoder-ogg-theora: a1e56fd34408186e4bbccfd4996cb3dc -> 
  custom:container-muxer-webm: aa71ff27fc2769a1b78a27578f13a17b -> 
  custom:container-demuxer-webm: 4f35f7cbe854078d1ac9338744f61a02 -> 
  custom:container-demuxer-ogg: 62fdf1f143b41e24485cea50d1cbac27 -> 
  custom:video-encoder-webm-vp8: eb34c28f22e8b96e1ab97ce403110664 -> 
  custom:video-decoder-webm-vp8: 9c59270c3fd7afecdb556c50c9e8de78 -> 
  custom:audio-decoder-ogg-vorbis: bf7c407c2cedff20999df2af8eb42d56 -> 
  custom:audio-encoder-webm-vorbis: bf7c407c2cedff20999df2af8eb42d56 -> 
========================================================================
Received Import Request.
  Time since last request: 33.188361 seconds.
  path: Assets/Prefabs/Particles/Particles1.prefab
  artifactKey: Guid(d4d2be12b22315f408ef1943ff6f40de) Importer(815301076,1909f56bfc062723c751e8b465ee728b)
Start importing Assets/Prefabs/Particles/Particles1.prefab using Guid(d4d2be12b22315f408ef1943ff6f40de) Importer(815301076,1909f56bfc062723c751e8b465ee728b)  -> (artifact id: '8feae56aa0530742cbfbbf9ed8def900') in 4.721883 seconds 
========================================================================
Received Import Request.
  Time since last request: 22.721532 seconds.
  path: Assets/Scripts/PlayerController.cs
  artifactKey: Guid(8c43ab92d44896344a4940a537686c97) Importer(815301076,1909f56bfc062723c751e8b465ee728b)
Start importing Assets/Scripts/PlayerController.cs using Guid(8c43ab92d44896344a4940a537686c97) Importer(815301076,1909f56bfc062723c751e8b465ee728b)  -> (artifact id: 'c07ac2fd291c6af2eff5ecbe96711f2d') in 0.069339 seconds 
========================================================================
Received Prepare
Registering precompiled user dll's ...
Registered in 0.005209 seconds.
Begin MonoManager ReloadAssembly
Native extension for WindowsStandalone target not found
Refreshing native plugins compatible for Editor in 1.31 ms, found 2 plugins.
Preloading 0 native plugins for Editor in 0.00 ms.
Mono: successfully reloaded assembly
- Completed reload, in  1.900 seconds
Domain Reload Profiling:
	ReloadAssembly (1900ms)
		BeginReloadAssembly (173ms)
			ExecutionOrderSort (0ms)
			DisableScriptedObjects (14ms)
			BackupInstance (0ms)
			ReleaseScriptingObjects (0ms)
			CreateAndSetChildDomain (48ms)
		EndReloadAssembly (1631ms)
			LoadAssemblies (154ms)
			RebuildTransferFunctionScriptingTraits (0ms)
			SetupTypeCache (467ms)
			ReleaseScriptCaches (2ms)
			RebuildScriptCaches (64ms)
			SetupLoadedEditorAssemblies (715ms)
				LogAssemblyErrors (0ms)
				InitializePlatformSupportModulesInManaged (8ms)
				SetLoadedEditorAssemblies (1ms)
				RefreshPlugins (2ms)
				BeforeProcessingInitializeOnLoad (173ms)
				ProcessInitializeOnLoadAttributes (501ms)
				ProcessInitializeOnLoadMethodAttributes (21ms)
				AfterProcessingInitializeOnLoad (9ms)
				EditorAssembliesLoaded (0ms)
			ExecutionOrderSort2 (0ms)
			AwakeInstancesAfterBackupRestoration (25ms)
Platform modules already initialized, skipping
Refreshing native plugins compatible for Editor in 1.13 ms, found 2 plugins.
Preloading 0 native plugins for Editor in 0.00 ms.
Unloading 2746 Unused Serialized files (Serialized files now loaded: 0)
System memory in use before: 127.5 MB.
System memory in use after: 127.7 MB.

Unloading 13 unused Assets to reduce memory usage. Loaded Objects now: 3557.
Total: 10.128200 ms (FindLiveObjects: 1.277800 ms CreateObjectMapping: 1.281300 ms MarkObjects: 7.526900 ms  DeleteObjects: 0.040500 ms)

AssetImportParameters requested are different than current active one (requested -> active):
  custom:framework-win-MediaFoundation: 216162199b28c13a410421893ffa2e32 -> 
  custom:video-decoder-ogg-theora: a1e56fd34408186e4bbccfd4996cb3dc -> 
  custom:container-muxer-webm: aa71ff27fc2769a1b78a27578f13a17b -> 
  custom:container-demuxer-webm: 4f35f7cbe854078d1ac9338744f61a02 -> 
  custom:container-demuxer-ogg: 62fdf1f143b41e24485cea50d1cbac27 -> 
  custom:video-encoder-webm-vp8: eb34c28f22e8b96e1ab97ce403110664 -> 
  custom:video-decoder-webm-vp8: 9c59270c3fd7afecdb556c50c9e8de78 -> 
  custom:audio-decoder-ogg-vorbis: bf7c407c2cedff20999df2af8eb42d56 -> 
  custom:audio-encoder-webm-vorbis: bf7c407c2cedff20999df2af8eb42d56 -> 
========================================================================
Received Prepare
Registering precompiled user dll's ...
Registered in 0.012197 seconds.
Begin MonoManager ReloadAssembly
Native extension for WindowsStandalone target not found
Refreshing native plugins compatible for Editor in 0.66 ms, found 2 plugins.
Preloading 0 native plugins for Editor in 0.00 ms.
Mono: successfully reloaded assembly
- Completed reload, in  2.853 seconds
Domain Reload Profiling:
	ReloadAssembly (2853ms)
		BeginReloadAssembly (325ms)
			ExecutionOrderSort (0ms)
			DisableScriptedObjects (20ms)
			BackupInstance (0ms)
			ReleaseScriptingObjects (0ms)
			CreateAndSetChildDomain (92ms)
		EndReloadAssembly (2313ms)
			LoadAssemblies (469ms)
			RebuildTransferFunctionScriptingTraits (0ms)
			SetupTypeCache (1034ms)
			ReleaseScriptCaches (2ms)
			RebuildScriptCaches (106ms)
			SetupLoadedEditorAssemblies (501ms)
				LogAssemblyErrors (0ms)
				InitializePlatformSupportModulesInManaged (5ms)
				SetLoadedEditorAssemblies (1ms)
				RefreshPlugins (1ms)
				BeforeProcessingInitializeOnLoad (99ms)
				ProcessInitializeOnLoadAttributes (354ms)
				ProcessInitializeOnLoadMethodAttributes (28ms)
				AfterProcessingInitializeOnLoad (11ms)
				EditorAssembliesLoaded (1ms)
			ExecutionOrderSort2 (0ms)
			AwakeInstancesAfterBackupRestoration (26ms)
Platform modules already initialized, skipping
Refreshing native plugins compatible for Editor in 1.13 ms, found 2 plugins.
Preloading 0 native plugins for Editor in 0.00 ms.
Unloading 2746 Unused Serialized files (Serialized files now loaded: 0)
System memory in use before: 127.5 MB.
System memory in use after: 127.7 MB.

Unloading 12 unused Assets to reduce memory usage. Loaded Objects now: 3560.
Total: 7.928300 ms (FindLiveObjects: 0.539000 ms CreateObjectMapping: 0.458900 ms MarkObjects: 6.886600 ms  DeleteObjects: 0.041700 ms)

AssetImportParameters requested are different than current active one (requested -> active):
  custom:framework-win-MediaFoundation: 216162199b28c13a410421893ffa2e32 -> 
  custom:video-decoder-ogg-theora: a1e56fd34408186e4bbccfd4996cb3dc -> 
  custom:container-muxer-webm: aa71ff27fc2769a1b78a27578f13a17b -> 
  custom:container-demuxer-webm: 4f35f7cbe854078d1ac9338744f61a02 -> 
  custom:container-demuxer-ogg: 62fdf1f143b41e24485cea50d1cbac27 -> 
  custom:video-encoder-webm-vp8: eb34c28f22e8b96e1ab97ce403110664 -> 
  custom:video-decoder-webm-vp8: 9c59270c3fd7afecdb556c50c9e8de78 -> 
  custom:audio-decoder-ogg-vorbis: bf7c407c2cedff20999df2af8eb42d56 -> 
  custom:audio-encoder-webm-vorbis: bf7c407c2cedff20999df2af8eb42d56 -> 
========================================================================
Received Import Request.
  Time since last request: 24.096130 seconds.
  path: Assets/Scripts/PlayerController.cs
  artifactKey: Guid(4c951f8af107303499efc0e8d468d699) Importer(815301076,1909f56bfc062723c751e8b465ee728b)
Start importing Assets/Scripts/PlayerController.cs using Guid(4c951f8af107303499efc0e8d468d699) Importer(815301076,1909f56bfc062723c751e8b465ee728b)  -> (artifact id: '00000000000000000000000000000000') in 0.002591 seconds  code(4) message(Build asset version error: assets/scripts/playercontroller.cs in SourceAssetDB has modification time of '2022-06-15T01:44:47.4540672Z' while content on disk has modification time of '2022-06-15T01:45:24.5554839Z')
  ERROR: Build asset version error: assets/scripts/playercontroller.cs in SourceAssetDB has modification time of '2022-06-15T01:44:47.4540672Z' while content on disk has modification time of '2022-06-15T01:45:24.5554839Z'
========================================================================
Received Import Request.
  Time since last request: 15.359522 seconds.
  path: Assets/Scripts/CameraController.cs
  artifactKey: Guid(ef477f08bf3d16a409030cd94ece48cc) Importer(815301076,1909f56bfc062723c751e8b465ee728b)
Start importing Assets/Scripts/CameraController.cs using Guid(ef477f08bf3d16a409030cd94ece48cc) Importer(815301076,1909f56bfc062723c751e8b465ee728b)  -> (artifact id: '1b98dcc95a1015b339519875948607c5') in 0.018274 seconds 
========================================================================
Received Prepare
Registering precompiled user dll's ...
Registered in 0.006428 seconds.
Begin MonoManager ReloadAssembly
Native extension for WindowsStandalone target not found
Refreshing native plugins compatible for Editor in 0.68 ms, found 2 plugins.
Preloading 0 native plugins for Editor in 0.00 ms.
Mono: successfully reloaded assembly
- Completed reload, in  1.930 seconds
Domain Reload Profiling:
	ReloadAssembly (1931ms)
		BeginReloadAssembly (373ms)
			ExecutionOrderSort (0ms)
			DisableScriptedObjects (13ms)
			BackupInstance (0ms)
			ReleaseScriptingObjects (0ms)
			CreateAndSetChildDomain (100ms)
		EndReloadAssembly (1466ms)
			LoadAssemblies (194ms)
			RebuildTransferFunctionScriptingTraits (0ms)
			SetupTypeCache (528ms)
			ReleaseScriptCaches (2ms)
			RebuildScriptCaches (65ms)
			SetupLoadedEditorAssemblies (465ms)
				LogAssemblyErrors (0ms)
				InitializePlatformSupportModulesInManaged (5ms)
				SetLoadedEditorAssemblies (1ms)
				RefreshPlugins (1ms)
				BeforeProcessingInitializeOnLoad (105ms)
				ProcessInitializeOnLoadAttributes (316ms)
				ProcessInitializeOnLoadMethodAttributes (25ms)
				AfterProcessingInitializeOnLoad (11ms)
				EditorAssembliesLoaded (0ms)
			ExecutionOrderSort2 (0ms)
			AwakeInstancesAfterBackupRestoration (24ms)
Platform modules already initialized, skipping
Refreshing native plugins compatible for Editor in 1.06 ms, found 2 plugins.
Preloading 0 native plugins for Editor in 0.00 ms.
Unloading 2747 Unused Serialized files (Serialized files now loaded: 0)
System memory in use before: 127.5 MB.
System memory in use after: 127.7 MB.

Unloading 12 unused Assets to reduce memory usage. Loaded Objects now: 3564.
Total: 9.791700 ms (FindLiveObjects: 0.462800 ms CreateObjectMapping: 0.232400 ms MarkObjects: 9.055500 ms  DeleteObjects: 0.039800 ms)

AssetImportParameters requested are different than current active one (requested -> active):
  custom:framework-win-MediaFoundation: 216162199b28c13a410421893ffa2e32 -> 
  custom:video-decoder-ogg-theora: a1e56fd34408186e4bbccfd4996cb3dc -> 
  custom:container-muxer-webm: aa71ff27fc2769a1b78a27578f13a17b -> 
  custom:container-demuxer-webm: 4f35f7cbe854078d1ac9338744f61a02 -> 
  custom:container-demuxer-ogg: 62fdf1f143b41e24485cea50d1cbac27 -> 
  custom:video-encoder-webm-vp8: eb34c28f22e8b96e1ab97ce403110664 -> 
  custom:video-decoder-webm-vp8: 9c59270c3fd7afecdb556c50c9e8de78 -> 
  custom:audio-decoder-ogg-vorbis: bf7c407c2cedff20999df2af8eb42d56 -> 
  custom:audio-encoder-webm-vorbis: bf7c407c2cedff20999df2af8eb42d56 -> 
========================================================================
Received Prepare
Registering precompiled user dll's ...
Registered in 0.040566 seconds.
Begin MonoManager ReloadAssembly
